{"contracts/Snyker.sol":{"l":{"58":12,"62":1,"63":1,"64":1,"68":1,"72":1,"73":1,"77":1,"81":2,"86":3,"87":3,"90":3,"93":3,"96":3,"98":3,"103":3,"104":3,"107":3,"117":3,"119":3,"132":0,"133":0,"134":0,"135":0,"138":0,"139":0,"140":0,"141":0,"142":0,"143":0,"147":0,"152":0,"153":0,"154":0,"155":0,"157":0,"159":0,"160":0,"165":0,"166":0,"167":0,"168":0,"169":0,"170":0,"171":0,"174":0,"180":0,"183":0,"185":0,"186":0,"188":0,"189":0,"190":0,"192":0,"199":0,"200":0,"202":0,"203":0,"204":0,"207":0,"209":0,"211":0,"218":0,"220":0,"222":0,"224":0,"226":0,"227":0,"229":0,"230":0,"232":0,"239":0,"240":0},"path":"/Users/ayoub/Desktop/Ayoub/Projet Entrepreneur/Dev/Code/PROJET FINAL Local/backend-yarn/contracts/Snyker.sol","s":{"1":1,"2":1,"3":1,"4":1,"5":1,"6":1,"7":2,"8":3,"9":3,"10":3,"11":3,"12":3,"13":3,"14":3,"15":3,"16":3,"17":3,"18":0,"19":0,"20":0,"21":0,"22":0,"23":0,"24":0,"25":0,"26":0,"27":0,"28":0,"29":0,"30":0,"31":0,"32":0,"33":0,"34":0,"35":0,"36":0,"37":0,"38":0,"39":0,"40":0,"41":0,"42":0,"43":0,"44":0,"45":0,"46":0,"47":0,"48":0,"49":0,"50":0,"51":0,"52":0,"53":0,"54":0,"55":0},"b":{"1":[1,0],"2":[3,0],"3":[3,0],"4":[0,0],"5":[0,0],"6":[0,0],"7":[0,0],"8":[0,0],"9":[0,0],"10":[0,0],"11":[0,0],"12":[0,0]},"f":{"1":12,"2":1,"3":1,"4":1,"5":1,"6":2,"7":3,"8":3,"9":0,"10":0,"11":0,"12":0,"13":0,"14":0},"fnMap":{"1":{"name":"constructor","line":57,"loc":{"start":{"line":57,"column":4},"end":{"line":59,"column":4}}},"2":{"name":"updateListPrice","line":61,"loc":{"start":{"line":61,"column":4},"end":{"line":65,"column":4}}},"3":{"name":"getListPrice","line":67,"loc":{"start":{"line":67,"column":4},"end":{"line":69,"column":4}}},"4":{"name":"getLatestIdToListedToken","line":71,"loc":{"start":{"line":71,"column":4},"end":{"line":74,"column":4}}},"5":{"name":"getListedTokenForId","line":76,"loc":{"start":{"line":76,"column":4},"end":{"line":78,"column":4}}},"6":{"name":"getCurrentToken","line":80,"loc":{"start":{"line":80,"column":4},"end":{"line":82,"column":4}}},"7":{"name":"createToken","line":84,"loc":{"start":{"line":84,"column":4},"end":{"line":99,"column":4}}},"8":{"name":"createListedToken","line":101,"loc":{"start":{"line":101,"column":4},"end":{"line":128,"column":4}}},"9":{"name":"getAllNFTs","line":131,"loc":{"start":{"line":131,"column":4},"end":{"line":148,"column":4}}},"10":{"name":"getMyNFTs","line":151,"loc":{"start":{"line":151,"column":4},"end":{"line":175,"column":4}}},"11":{"name":"executeRelease","line":178,"loc":{"start":{"line":178,"column":4},"end":{"line":194,"column":4}}},"12":{"name":"sellSneaker","line":197,"loc":{"start":{"line":197,"column":4},"end":{"line":213,"column":4}}},"13":{"name":"executeSale","line":217,"loc":{"start":{"line":217,"column":4},"end":{"line":234,"column":4}}},"14":{"name":"withdrawAll","line":238,"loc":{"start":{"line":238,"column":5},"end":{"line":241,"column":4}}}},"statementMap":{"1":{"start":{"line":62,"column":8},"end":{"line":62,"column":74}},"2":{"start":{"line":64,"column":8},"end":{"line":64,"column":43}},"3":{"start":{"line":68,"column":8},"end":{"line":68,"column":26}},"4":{"start":{"line":72,"column":8},"end":{"line":72,"column":52}},"5":{"start":{"line":73,"column":8},"end":{"line":73,"column":42}},"6":{"start":{"line":77,"column":8},"end":{"line":77,"column":35}},"7":{"start":{"line":81,"column":8},"end":{"line":81,"column":34}},"8":{"start":{"line":86,"column":8},"end":{"line":86,"column":28}},"9":{"start":{"line":87,"column":8},"end":{"line":87,"column":48}},"10":{"start":{"line":90,"column":8},"end":{"line":90,"column":40}},"11":{"start":{"line":93,"column":8},"end":{"line":93,"column":41}},"12":{"start":{"line":96,"column":8},"end":{"line":96,"column":62}},"13":{"start":{"line":98,"column":8},"end":{"line":98,"column":25}},"14":{"start":{"line":103,"column":8},"end":{"line":103,"column":79}},"15":{"start":{"line":104,"column":8},"end":{"line":104,"column":63}},"16":{"start":{"line":117,"column":8},"end":{"line":117,"column":52}},"17":{"start":{"line":119,"column":8},"end":{"line":119,"column":3119}},"18":{"start":{"line":132,"column":8},"end":{"line":132,"column":43}},"19":{"start":{"line":133,"column":8},"end":{"line":133,"column":57}},"20":{"start":{"line":134,"column":8},"end":{"line":134,"column":29}},"21":{"start":{"line":135,"column":8},"end":{"line":135,"column":22}},"22":{"start":{"line":138,"column":8},"end":{"line":138,"column":3538}},"23":{"start":{"line":139,"column":12},"end":{"line":139,"column":3584}},"24":{"start":{"line":141,"column":16},"end":{"line":141,"column":68}},"25":{"start":{"line":147,"column":8},"end":{"line":147,"column":21}},"26":{"start":{"line":152,"column":8},"end":{"line":152,"column":49}},"27":{"start":{"line":153,"column":8},"end":{"line":153,"column":26}},"28":{"start":{"line":154,"column":8},"end":{"line":154,"column":29}},"29":{"start":{"line":155,"column":8},"end":{"line":155,"column":22}},"30":{"start":{"line":157,"column":8},"end":{"line":157,"column":4080}},"31":{"start":{"line":159,"column":12},"end":{"line":159,"column":4145}},"32":{"start":{"line":165,"column":8},"end":{"line":165,"column":57}},"33":{"start":{"line":166,"column":8},"end":{"line":166,"column":4346}},"34":{"start":{"line":167,"column":12},"end":{"line":167,"column":4403}},"35":{"start":{"line":169,"column":16},"end":{"line":169,"column":68}},"36":{"start":{"line":174,"column":8},"end":{"line":174,"column":20}},"37":{"start":{"line":180,"column":8},"end":{"line":180,"column":75}},"38":{"start":{"line":183,"column":8},"end":{"line":183,"column":62}},"39":{"start":{"line":185,"column":8},"end":{"line":185,"column":52}},"40":{"start":{"line":186,"column":8},"end":{"line":186,"column":38}},"41":{"start":{"line":192,"column":8},"end":{"line":192,"column":62}},"42":{"start":{"line":199,"column":8},"end":{"line":199,"column":93}},"43":{"start":{"line":200,"column":8},"end":{"line":200,"column":94}},"44":{"start":{"line":207,"column":8},"end":{"line":207,"column":43}},"45":{"start":{"line":209,"column":8},"end":{"line":209,"column":55}},"46":{"start":{"line":211,"column":8},"end":{"line":211,"column":40}},"47":{"start":{"line":218,"column":8},"end":{"line":218,"column":71}},"48":{"start":{"line":220,"column":8},"end":{"line":220,"column":47}},"49":{"start":{"line":222,"column":8},"end":{"line":222,"column":54}},"50":{"start":{"line":224,"column":8},"end":{"line":224,"column":51}},"51":{"start":{"line":226,"column":8},"end":{"line":226,"column":45}},"52":{"start":{"line":227,"column":8},"end":{"line":227,"column":38}},"53":{"start":{"line":232,"column":8},"end":{"line":232,"column":67}},"54":{"start":{"line":239,"column":8},"end":{"line":239,"column":62}},"55":{"start":{"line":240,"column":8},"end":{"line":240,"column":44}}},"branchMap":{"1":{"line":62,"type":"if","locations":[{"start":{"line":62,"column":8},"end":{"line":62,"column":8}},{"start":{"line":62,"column":8},"end":{"line":62,"column":8}}]},"2":{"line":103,"type":"if","locations":[{"start":{"line":103,"column":8},"end":{"line":103,"column":8}},{"start":{"line":103,"column":8},"end":{"line":103,"column":8}}]},"3":{"line":104,"type":"if","locations":[{"start":{"line":104,"column":8},"end":{"line":104,"column":8}},{"start":{"line":104,"column":8},"end":{"line":104,"column":8}}]},"4":{"line":139,"type":"if","locations":[{"start":{"line":139,"column":12},"end":{"line":139,"column":12}},{"start":{"line":139,"column":12},"end":{"line":139,"column":12}}]},"5":{"line":159,"type":"if","locations":[{"start":{"line":159,"column":12},"end":{"line":159,"column":12}},{"start":{"line":159,"column":12},"end":{"line":159,"column":12}}]},"6":{"line":167,"type":"if","locations":[{"start":{"line":167,"column":12},"end":{"line":167,"column":12}},{"start":{"line":167,"column":12},"end":{"line":167,"column":12}}]},"7":{"line":180,"type":"if","locations":[{"start":{"line":180,"column":8},"end":{"line":180,"column":8}},{"start":{"line":180,"column":8},"end":{"line":180,"column":8}}]},"8":{"line":199,"type":"if","locations":[{"start":{"line":199,"column":8},"end":{"line":199,"column":8}},{"start":{"line":199,"column":8},"end":{"line":199,"column":8}}]},"9":{"line":200,"type":"if","locations":[{"start":{"line":200,"column":8},"end":{"line":200,"column":8}},{"start":{"line":200,"column":8},"end":{"line":200,"column":8}}]},"10":{"line":218,"type":"if","locations":[{"start":{"line":218,"column":8},"end":{"line":218,"column":8}},{"start":{"line":218,"column":8},"end":{"line":218,"column":8}}]},"11":{"line":222,"type":"if","locations":[{"start":{"line":222,"column":8},"end":{"line":222,"column":8}},{"start":{"line":222,"column":8},"end":{"line":222,"column":8}}]},"12":{"line":239,"type":"if","locations":[{"start":{"line":239,"column":8},"end":{"line":239,"column":8}},{"start":{"line":239,"column":8},"end":{"line":239,"column":8}}]}}}}