TN:
SF:/Users/ayoub/Desktop/Ayoub/Projet Entrepreneur/Dev/Code/PROJET FINAL Local/backend-yarn/contracts/Snyker.sol
FN:57,constructor
FN:61,updateListPrice
FN:67,getListPrice
FN:71,getLatestIdToListedToken
FN:76,getListedTokenForId
FN:80,getCurrentToken
FN:84,createToken
FN:101,createListedToken
FN:131,getAllNFTs
FN:151,getMyNFTs
FN:178,executeRelease
FN:197,sellSneaker
FN:217,executeSale
FN:238,withdrawAll
FNF:14
FNH:8
FNDA:12,constructor
FNDA:1,updateListPrice
FNDA:1,getListPrice
FNDA:1,getLatestIdToListedToken
FNDA:1,getListedTokenForId
FNDA:2,getCurrentToken
FNDA:3,createToken
FNDA:3,createListedToken
FNDA:0,getAllNFTs
FNDA:0,getMyNFTs
FNDA:0,executeRelease
FNDA:0,sellSneaker
FNDA:0,executeSale
FNDA:0,withdrawAll
DA:58,12
DA:62,1
DA:63,1
DA:64,1
DA:68,1
DA:72,1
DA:73,1
DA:77,1
DA:81,2
DA:86,3
DA:87,3
DA:90,3
DA:93,3
DA:96,3
DA:98,3
DA:103,3
DA:104,3
DA:107,3
DA:117,3
DA:119,3
DA:132,0
DA:133,0
DA:134,0
DA:135,0
DA:138,0
DA:139,0
DA:140,0
DA:141,0
DA:142,0
DA:143,0
DA:147,0
DA:152,0
DA:153,0
DA:154,0
DA:155,0
DA:157,0
DA:159,0
DA:160,0
DA:165,0
DA:166,0
DA:167,0
DA:168,0
DA:169,0
DA:170,0
DA:171,0
DA:174,0
DA:180,0
DA:183,0
DA:185,0
DA:186,0
DA:188,0
DA:189,0
DA:190,0
DA:192,0
DA:199,0
DA:200,0
DA:202,0
DA:203,0
DA:204,0
DA:207,0
DA:209,0
DA:211,0
DA:218,0
DA:220,0
DA:222,0
DA:224,0
DA:226,0
DA:227,0
DA:229,0
DA:230,0
DA:232,0
DA:239,0
DA:240,0
LF:73
LH:20
BRDA:62,1,0,1
BRDA:62,1,1,0
BRDA:103,2,0,3
BRDA:103,2,1,0
BRDA:104,3,0,3
BRDA:104,3,1,0
BRDA:139,4,0,0
BRDA:139,4,1,0
BRDA:159,5,0,0
BRDA:159,5,1,0
BRDA:167,6,0,0
BRDA:167,6,1,0
BRDA:180,7,0,0
BRDA:180,7,1,0
BRDA:199,8,0,0
BRDA:199,8,1,0
BRDA:200,9,0,0
BRDA:200,9,1,0
BRDA:218,10,0,0
BRDA:218,10,1,0
BRDA:222,11,0,0
BRDA:222,11,1,0
BRDA:239,12,0,0
BRDA:239,12,1,0
BRF:24
BRH:3
end_of_record
